<?xml version="1.0" encoding="UTF-8"?>
<testsuite errors="0" failures="0" name="Demo" skipped="0" tests="1" time="28.755645">
<testcase classname="Demo" name="Search Google" time="28.755645">
  <system-out/>
  <system-err/>
</testcase>
  <system-out>
    <![CDATA[]]>
  </system-out>
  <system-err>
    <![CDATA[]]>
  </system-err>
</testsuite>
